<?xml version="1.0" encoding="UTF-8"?>
<!-- Generated by org.testng.reporters.JUnitReportReporter -->
<testsuite hostname="DESKTOP-AB4HUMF" failures="0" tests="2" name="org.testRunners.TestRunner" time="234.993" errors="0" timestamp="2025-02-04T22:43:51 IST" skipped="0">
  <testcase classname="org.testRunners.TestRunner" name="runScenario" time="53.845"/>
  <system-out/>
  <testcase classname="org.testRunners.TestRunner" name="runScenario" time="181.148"/>
  <system-out/>
</testsuite> <!-- org.testRunners.TestRunner -->
